<?xml version="1.0" encoding="UTF-8"?>
<!-- Generated by org.testng.reporters.JUnitReportReporter -->
<testsuite hostname="LAPTOP-IQDLLB5U" failures="0" tests="1" name="Japplication.ShopPageinfo" time="3.084" errors="0" timestamp="2022-08-21T20:25:08 AWST" skipped="0">
  <testcase classname="Japplication.ShopPageinfo" name="basePageNavigat" time="3.084"/>
  <system-out/>
</testsuite> <!-- Japplication.ShopPageinfo -->
