<?xml version="1.0" encoding="UTF-8"?>
<!-- Generated by org.testng.reporters.JUnitReportReporter -->
<testsuite hostname="LAPTOP-IQDLLB5U" failures="0" tests="1" name="Japplication.ShopPageinfo" time="2.142" errors="0" timestamp="2022-08-23T10:21:15 AWST" skipped="0">
  <testcase classname="Japplication.ShopPageinfo" name="basePageNavigat" time="2.142"/>
  <system-out/>
</testsuite> <!-- Japplication.ShopPageinfo -->
