<?xml version="1.0" encoding="UTF-8"?>
<!-- Generated by org.testng.reporters.JUnitReportReporter -->
<testsuite hostname="Ashwin-PC" failures="0" tests="1" name="Japplication.ShopPageinfo" time="1.075" errors="0" timestamp="20 Aug 2022 04:04:43 GMT">
  <testcase classname="Japplication.ShopPageinfo" name="basePageNavigat" time="1.075"/>
</testsuite> <!-- Japplication.ShopPageinfo -->
