<?xml version="1.0" encoding="UTF-8"?>
<!-- Generated by org.testng.reporters.JUnitReportReporter -->
<testsuite hostname="LAPTOP-IQDLLB5U" failures="0" tests="2" name="Japplication.HomePage" time="1.082" errors="0" timestamp="2022-08-23T09:15:40 AWST" skipped="0">
  <testcase classname="Japplication.HomePage" name="basePageNavigat" time="0.671"/>
  <system-out/>
  <testcase classname="Japplication.HomePage" name="validateErrors" time="0.411"/>
  <system-out/>
</testsuite> <!-- Japplication.HomePage -->
