<?xml version="1.0" encoding="UTF-8"?>
<!-- Generated by org.testng.reporters.JUnitReportReporter -->
<testsuite hostname="LAPTOP-IQDLLB5U" failures="0" tests="2" name="Japplication.HomePage" time="1.747" errors="0" timestamp="2022-08-21T20:03:49 AWST" skipped="0">
  <testcase classname="Japplication.HomePage" name="validateErrors" time="0.312"/>
  <system-out/>
  <testcase classname="Japplication.HomePage" name="basePageNavigat" time="1.435"/>
  <system-out/>
</testsuite> <!-- Japplication.HomePage -->
