<?xml version="1.0" encoding="UTF-8"?>
<!-- Generated by org.testng.reporters.JUnitReportReporter -->
<testsuite hostname="LAPTOP-IQDLLB5U" failures="0" tests="2" name="Japplication.HomePage" time="0.768" errors="0" timestamp="23 Aug 2022 02:20:18 GMT">
  <testcase classname="Japplication.HomePage" name="validateErrors" time="0.310"/>
  <testcase classname="Japplication.HomePage" name="basePageNavigat" time="0.458"/>
</testsuite> <!-- Japplication.HomePage -->
