<?xml version="1.0" encoding="UTF-8"?>
<!-- Generated by org.testng.reporters.JUnitReportReporter -->
<testsuite hostname="LAPTOP-IQDLLB5U" failures="0" tests="1" name="Japplication.ShopPageinfo" time="1.419" errors="0" timestamp="23 Aug 2022 02:20:18 GMT">
  <testcase classname="Japplication.ShopPageinfo" name="basePageNavigat" time="1.419"/>
</testsuite> <!-- Japplication.ShopPageinfo -->
